Deploying from /home/user/Hanlon as /hanlon/v1/api
Initializing ProtocolHandler ["http-bio-192.168.109.5-8026"]
jruby 1.7.11 (1.9.3p392) 2014-03-17 86339bb on OpenJDK Client VM 1.7.0_51-b00 [linux-i386]
using 1:5 runtime pool with acquire timeout of 5.0 seconds
An exception happened during JRuby-Rack startup
no such file to load -- /home/user/Hanlon/config/environment.rb
--- System
jruby 1.7.11 (1.9.3p392) 2014-03-17 86339bb on OpenJDK Client VM 1.7.0_51-b00 [linux-i386]
Time: 2014-05-04 12:34:06 -0400
Server: Apache Tomcat/7.0.47
jruby.home: /home/user/.rvm/rubies/jruby-1.7.11

--- Context Init Parameters:
jruby.compat.version = 1.9.3
jruby.initial.runtimes = 1
jruby.max.runtimes = 5
jruby.min.runtimes = 1
jruby.rack.error = false
jruby.rack.layout_class = JRuby::Rack::FileSystemLayout
jruby.rack.logging = JUL
jruby.rack.logging.name = org.apache.catalina.core.ContainerBase.[Tomcat].[192.168.109.5].[default]
jruby.runtime.acquire.timeout = 5.0
public.root = public
rails.env = development
rails.root = /home/user/Hanlon

--- Backtrace
LoadError: no such file to load -- /home/user/Hanlon/config/environment.rb
              load at org/jruby/RubyKernel.java:1101
  load_environment at file:/home/user/.rvm/gems/jruby-1.7.11/gems/jruby-rack-1.1.14/lib/jruby-rack-1.1.14.jar!/jruby/rack/rails/environment2.rb:25
  load_environment at file:/home/user/.rvm/gems/jruby-1.7.11/gems/jruby-rack-1.1.14/lib/jruby-rack-1.1.14.jar!/jruby/rack/rails_booter.rb:76
            (root) at <script>:1

--- RubyGems
Gem.dir: /home/user/.rvm/gems/jruby-1.7.11
Gem.path:
/home/user/.rvm/gems/jruby-1.7.11
/home/user/.rvm/gems/jruby-1.7.11@global
Activated gems:

--- Bundler
undefined method `bundle_path' for Bundler:Module

--- JRuby-Rack Config
compat_version = RUBY1_9
default_logger = org.jruby.rack.logging.StandardOutLogger@1cca436
equals = <error: >
err = java.io.PrintStream@f995bd
filter_adds_html = true
filter_verifies_resource = false
ignore_environment = false
initial_memory_buffer_size = 
initial_runtimes = 1
jms_connection_factory = 
jms_jndi_properties = 
logger = org.jruby.rack.logging.JulLogger@1b6c838
logger_class_name = JUL
logger_name = org.apache.catalina.core.ContainerBase.[Tomcat].[192.168.109.5].[default]
maximum_memory_buffer_size = 
maximum_runtimes = 5
num_initializer_threads = 
out = java.io.PrintStream@56295f
rackup = 
rackup_path = 
rewindable = true
runtime_arguments = 
runtime_environment = 
runtime_timeout_seconds = 
serial_initialization = false
servlet_context = org.apache.catalina.core.ApplicationContextFacade@e1da1
throw_init_exception = true

--- $LOAD_PATH:
/home/user/.rvm/rubies/jruby-1.7.11/lib/ruby/1.9/site_ruby
/home/user/.rvm/rubies/jruby-1.7.11/lib/ruby/shared
/home/user/.rvm/rubies/jruby-1.7.11/lib/ruby/1.9
unable to initialize application
org.jruby.exceptions.RaiseException: (LoadError) no such file to load -- /home/user/Hanlon/config/environment.rb
	at org.jruby.RubyKernel.load(org/jruby/RubyKernel.java:1101)
	at RUBY.load_environment(file:/home/user/.rvm/gems/jruby-1.7.11/gems/jruby-rack-1.1.14/lib/jruby-rack-1.1.14.jar!/jruby/rack/rails/environment2.rb:25)
	at RUBY.load_environment(file:/home/user/.rvm/gems/jruby-1.7.11/gems/jruby-rack-1.1.14/lib/jruby-rack-1.1.14.jar!/jruby/rack/rails_booter.rb:76)
	at RUBY.(root)(<script>:1)

added application to pool, size now = 1
Exception sending context initialized event to listener instance of class org.jruby.rack.rails.RailsServletContextListener
org.jruby.rack.RackInitializationException: no such file to load -- /home/user/Hanlon/config/environment.rb
	from org/jruby/RubyKernel.java:1101:in `load'
	from file:/home/user/.rvm/gems/jruby-1.7.11/gems/jruby-rack-1.1.14/lib/jruby-rack-1.1.14.jar!/jruby/rack/rails/environment2.rb:25:in `load_environment'
	from file:/home/user/.rvm/gems/jruby-1.7.11/gems/jruby-rack-1.1.14/lib/jruby-rack-1.1.14.jar!/jruby/rack/rails_booter.rb:76:in `load_environment'
	from <script>:1:in `(root)'

	at org.jruby.rack.RackInitializationException.wrap(RackInitializationException.java:29)
	at org.jruby.rack.RackApplicationFactoryDecorator.init(RackApplicationFactoryDecorator.java:104)
	at org.jruby.rack.RackServletContextListener.contextInitialized(RackServletContextListener.java:50)
	at org.apache.catalina.core.StandardContext.listenerStart(StandardContext.java:4939)
	at org.apache.catalina.core.StandardContext.startInternal(StandardContext.java:5434)
	at org.apache.catalina.util.LifecycleBase.start(LifecycleBase.java:150)
	at org.apache.catalina.core.ContainerBase$StartChild.call(ContainerBase.java:1559)
	at org.apache.catalina.core.ContainerBase$StartChild.call(ContainerBase.java:1549)
	at java.util.concurrent.FutureTask.run(FutureTask.java:262)
	at java.util.concurrent.ThreadPoolExecutor.runWorker(ThreadPoolExecutor.java:1145)
	at java.util.concurrent.ThreadPoolExecutor$Worker.run(ThreadPoolExecutor.java:615)
	at java.lang.Thread.run(Thread.java:744)
Caused by: org.jruby.exceptions.RaiseException: (LoadError) no such file to load -- /home/user/Hanlon/config/environment.rb
	at org.jruby.RubyKernel.load(org/jruby/RubyKernel.java:1101)
	at RUBY.load_environment(file:/home/user/.rvm/gems/jruby-1.7.11/gems/jruby-rack-1.1.14/lib/jruby-rack-1.1.14.jar!/jruby/rack/rails/environment2.rb:25)
	at RUBY.load_environment(file:/home/user/.rvm/gems/jruby-1.7.11/gems/jruby-rack-1.1.14/lib/jruby-rack-1.1.14.jar!/jruby/rack/rails_booter.rb:76)
	at RUBY.(root)(<script>:1)

Error listenerStart
Context [default] startup failed due to previous errors
The web application [default] appears to have started a thread named [Ruby-1-JIT-1] but has failed to stop it. This is very likely to create a memory leak.
The web application [default] appears to have started a thread named [Ruby-1-JIT-2] but has failed to stop it. This is very likely to create a memory leak.
Starting ProtocolHandler ["http-bio-192.168.109.5-8026"]
