2014-05-14 05:03:57 -0400 INFO: jruby 1.7.11 (1.9.3p392) 2014-03-17 86339bb on OpenJDK Client VM 1.7.0_51-b00 [linux-i386]
2014-05-14 05:03:57 -0400 INFO: using 1:5 runtime pool with acquire timeout of 5.0 seconds
2014-05-14 05:04:11 -0400 INFO: An exception happened during JRuby-Rack startup
no such file to load -- /home/user/Hanlon/Hanlon/core/http_helper
--- System
jruby 1.7.11 (1.9.3p392) 2014-03-17 86339bb on OpenJDK Client VM 1.7.0_51-b00 [linux-i386]
Time: 2014-05-14 05:04:11 -0400
Server: Apache Tomcat/7.0.47
jruby.home: /home/user/.rvm/rubies/jruby-1.7.11

--- Context Init Parameters:
app.root = /home/user/Hanlon/Hanlon/web
jruby.compat.version = 1.9.3
jruby.initial.runtimes = 1
jruby.max.runtimes = 5
jruby.min.runtimes = 1
jruby.rack.error = false
jruby.rack.layout_class = JRuby::Rack::FileSystemLayout
jruby.rack.logging = JUL
jruby.rack.logging.name = org.apache.catalina.core.ContainerBase.[Tomcat].[192.168.109.5].[default]
jruby.runtime.acquire.timeout = 5.0
public.root = public
rack.env = development
rackup.path = config.ru

--- Backtrace
LoadError: no such file to load -- /home/user/Hanlon/Hanlon/core/http_helper
        require at org/jruby/RubyKernel.java:1085
        require at /home/user/.rvm/rubies/jruby-1.7.11/lib/ruby/shared/rubygems/core_ext/kernel_require.rb:126
        require at /home/user/.rvm/rubies/jruby-1.7.11/lib/ruby/shared/rubygems/core_ext/kernel_require.rb:124
         (root) at /home/user/Hanlon/Hanlon/core/slice.rb:1
        require at org/jruby/RubyKernel.java:1085
        require at /home/user/.rvm/rubies/jruby-1.7.11/lib/ruby/shared/rubygems/core_ext/kernel_require.rb:126
        require at /home/user/.rvm/rubies/jruby-1.7.11/lib/ruby/shared/rubygems/core_ext/kernel_require.rb:124
         (root) at /home/user/Hanlon/Hanlon/web/api/api_tag_v1.rb:1
        require at org/jruby/RubyKernel.java:1085
        require at /home/user/.rvm/rubies/jruby-1.7.11/lib/ruby/shared/rubygems/core_ext/kernel_require.rb:126
        require at /home/user/.rvm/rubies/jruby-1.7.11/lib/ruby/shared/rubygems/core_ext/kernel_require.rb:124
         (root) at /home/user/Hanlon/Hanlon/web/api/api_tag_v1.rb:5
           glob at org/jruby/RubyDir.java:233
         (root) at /home/user/Hanlon/Hanlon/web/application.rb:1
        require at org/jruby/RubyKernel.java:1085
         (root) at /home/user/Hanlon/Hanlon/web/application.rb:53
         (root) at /home/user/Hanlon/Hanlon/web/application.rb:51
  instance_eval at org/jruby/RubyBasicObject.java:1536
         (root) at /home/user/.rvm/rubies/jruby-1.7.11/lib/ruby/shared/rubygems/core_ext/kernel_require.rb:1
        require at /home/user/.rvm/rubies/jruby-1.7.11/lib/ruby/shared/rubygems/core_ext/kernel_require.rb:55

--- RubyGems
Gem.dir: /home/user/.rvm/gems/jruby-1.7.11
Gem.path:
/home/user/.rvm/gems/jruby-1.7.11
/home/user/.rvm/gems/jruby-1.7.11@global
Activated gems:
  rack-1.5.2
  rack-mount-0.8.3
  rack-accept-0.4.5
  multi_xml-0.5.5
  hashie-2.0.5
  descendants_tracker-0.0.3
  equalizer-0.0.9
  coercible-1.0.0
  ice_nine-0.11.0
  thread_safe-0.1.3-java
  axiom-types-0.1.0
  virtus-1.0.2
  grape-0.6.1
  i18n-0.6.9
  tzinfo-1.1.0
  minitest-5.3.2
  activesupport-4.1.0
  multi_json-1.9.2
  systemu-2.6.4
  macaddr-1.6.7
  uuid-2.3.7
  base62-1.0.0
  colored-1.2
  bson-1.9.2-java
  json-1.8.1-java
  facter-1.7.5

--- Bundler
undefined method `bundle_path' for Bundler:Module

--- JRuby-Rack Config
compat_version = RUBY1_9
default_logger = org.jruby.rack.logging.StandardOutLogger@152a0f3
equals = <error: 0>
err = java.io.PrintStream@13b0eef
filter_adds_html = true
filter_verifies_resource = false
ignore_environment = false
initial_memory_buffer_size = 
initial_runtimes = 1
jms_connection_factory = 
jms_jndi_properties = 
logger = org.jruby.rack.logging.JulLogger@1c145bc
logger_class_name = JUL
logger_name = org.apache.catalina.core.ContainerBase.[Tomcat].[192.168.109.5].[default]
maximum_memory_buffer_size = 
maximum_runtimes = 5
num_initializer_threads = 
out = java.io.PrintStream@1b343e9
rackup = 
rackup_path = config.ru
rewindable = true
runtime_arguments = 
runtime_environment = 
runtime_timeout_seconds = 
serial_initialization = false
servlet_context = org.apache.catalina.core.ApplicationContextFacade@b73752
throw_init_exception = true

--- $LOAD_PATH:
/home/user/Hanlon/Hanlon/web/api
/home/user/Hanlon/Hanlon/core
/home/user/Hanlon/Hanlon/util
/home/user/.rvm/gems/jruby-1.7.11/gems/rack-1.5.2/lib
/home/user/.rvm/gems/jruby-1.7.11/gems/rack-mount-0.8.3/lib
/home/user/.rvm/gems/jruby-1.7.11/gems/rack-accept-0.4.5/lib
/home/user/.rvm/gems/jruby-1.7.11/gems/multi_xml-0.5.5/lib
/home/user/.rvm/gems/jruby-1.7.11/gems/hashie-2.0.5/lib
/home/user/.rvm/gems/jruby-1.7.11/gems/descendants_tracker-0.0.3/lib
/home/user/.rvm/gems/jruby-1.7.11/gems/equalizer-0.0.9/lib
/home/user/.rvm/gems/jruby-1.7.11/gems/coercible-1.0.0/lib
/home/user/.rvm/gems/jruby-1.7.11/gems/ice_nine-0.11.0/lib
/home/user/.rvm/gems/jruby-1.7.11/gems/thread_safe-0.1.3-java/lib
/home/user/.rvm/gems/jruby-1.7.11/gems/axiom-types-0.1.0/lib
/home/user/.rvm/gems/jruby-1.7.11/gems/virtus-1.0.2/lib
/home/user/.rvm/gems/jruby-1.7.11/gems/grape-0.6.1/lib
/home/user/.rvm/gems/jruby-1.7.11/gems/i18n-0.6.9/lib
/home/user/.rvm/gems/jruby-1.7.11/gems/tzinfo-1.1.0/lib
/home/user/.rvm/gems/jruby-1.7.11/gems/minitest-5.3.2/lib
/home/user/.rvm/gems/jruby-1.7.11/gems/activesupport-4.1.0/lib
/home/user/.rvm/gems/jruby-1.7.11/gems/multi_json-1.9.2/lib
/home/user/.rvm/gems/jruby-1.7.11/gems/systemu-2.6.4/lib
/home/user/.rvm/gems/jruby-1.7.11/gems/macaddr-1.6.7/lib
/home/user/.rvm/gems/jruby-1.7.11/gems/uuid-2.3.7/lib
/home/user/.rvm/gems/jruby-1.7.11/gems/base62-1.0.0/lib
/home/user/.rvm/gems/jruby-1.7.11/gems/colored-1.2/lib
/home/user/.rvm/gems/jruby-1.7.11/gems/bson-1.9.2-java/lib
/home/user/.rvm/gems/jruby-1.7.11/gems/json-1.8.1-java/lib
/home/user/.rvm/gems/jruby-1.7.11/gems/facter-1.7.5/lib
/home/user/.rvm/rubies/jruby-1.7.11/lib/ruby/1.9/site_ruby
/home/user/.rvm/rubies/jruby-1.7.11/lib/ruby/shared
/home/user/.rvm/rubies/jruby-1.7.11/lib/ruby/1.9
2014-05-14 05:04:11 -0400 SEVERE: unable to initialize application
org.jruby.exceptions.RaiseException: (LoadError) no such file to load -- /home/user/Hanlon/Hanlon/core/http_helper
	at org.jruby.RubyKernel.require(org/jruby/RubyKernel.java:1085)
	at Kernel.require(/home/user/.rvm/rubies/jruby-1.7.11/lib/ruby/shared/rubygems/core_ext/kernel_require.rb:126)
	at Kernel.require(/home/user/.rvm/rubies/jruby-1.7.11/lib/ruby/shared/rubygems/core_ext/kernel_require.rb:124)
	at RUBY.(root)(/home/user/Hanlon/Hanlon/core/slice.rb:1)
	at org.jruby.RubyKernel.require(org/jruby/RubyKernel.java:1085)
	at Kernel.require(/home/user/.rvm/rubies/jruby-1.7.11/lib/ruby/shared/rubygems/core_ext/kernel_require.rb:126)
	at Kernel.require(/home/user/.rvm/rubies/jruby-1.7.11/lib/ruby/shared/rubygems/core_ext/kernel_require.rb:124)
	at RUBY.(root)(/home/user/Hanlon/Hanlon/web/api/api_tag_v1.rb:1)
	at org.jruby.RubyKernel.require(org/jruby/RubyKernel.java:1085)
	at Kernel.require(/home/user/.rvm/rubies/jruby-1.7.11/lib/ruby/shared/rubygems/core_ext/kernel_require.rb:126)
	at Kernel.require(/home/user/.rvm/rubies/jruby-1.7.11/lib/ruby/shared/rubygems/core_ext/kernel_require.rb:124)
	at RUBY.(root)(/home/user/Hanlon/Hanlon/web/api/api_tag_v1.rb:5)
	at org.jruby.RubyDir.glob(org/jruby/RubyDir.java:233)
	at RUBY.(root)(/home/user/Hanlon/Hanlon/web/application.rb:1)
	at org.jruby.RubyKernel.require(org/jruby/RubyKernel.java:1085)
	at RUBY.(root)(/home/user/Hanlon/Hanlon/web/application.rb:53)
	at RUBY.(root)(/home/user/Hanlon/Hanlon/web/application.rb:51)
	at org.jruby.RubyBasicObject.instance_eval(org/jruby/RubyBasicObject.java:1536)
	at RUBY.(root)(/home/user/.rvm/rubies/jruby-1.7.11/lib/ruby/shared/rubygems/core_ext/kernel_require.rb:1)
	at RUBY.require(/home/user/.rvm/rubies/jruby-1.7.11/lib/ruby/shared/rubygems/core_ext/kernel_require.rb:55)

2014-05-14 05:04:11 -0400 INFO: added application to pool, size now = 1
2014-05-14 05:04:11 -0400 SEVERE: Exception sending context initialized event to listener instance of class org.jruby.rack.RackServletContextListener
org.jruby.rack.RackInitializationException: no such file to load -- /home/user/Hanlon/Hanlon/core/http_helper
	from org/jruby/RubyKernel.java:1085:in `require'
	from /home/user/.rvm/rubies/jruby-1.7.11/lib/ruby/shared/rubygems/core_ext/kernel_require.rb:126:in `require'
	from /home/user/.rvm/rubies/jruby-1.7.11/lib/ruby/shared/rubygems/core_ext/kernel_require.rb:124:in `require'
	from /home/user/Hanlon/Hanlon/core/slice.rb:1:in `(root)'
	from org/jruby/RubyKernel.java:1085:in `require'
	from /home/user/.rvm/rubies/jruby-1.7.11/lib/ruby/shared/rubygems/core_ext/kernel_require.rb:126:in `require'
	from /home/user/.rvm/rubies/jruby-1.7.11/lib/ruby/shared/rubygems/core_ext/kernel_require.rb:124:in `require'
	from /home/user/Hanlon/Hanlon/web/api/api_tag_v1.rb:1:in `(root)'
	from org/jruby/RubyKernel.java:1085:in `require'
	from /home/user/.rvm/rubies/jruby-1.7.11/lib/ruby/shared/rubygems/core_ext/kernel_require.rb:126:in `require'
	from /home/user/.rvm/rubies/jruby-1.7.11/lib/ruby/shared/rubygems/core_ext/kernel_require.rb:124:in `require'
	from /home/user/Hanlon/Hanlon/web/api/api_tag_v1.rb:5:in `(root)'
	from org/jruby/RubyDir.java:233:in `glob'
	from /home/user/Hanlon/Hanlon/web/application.rb:1:in `(root)'
	from org/jruby/RubyKernel.java:1085:in `require'
	from /home/user/Hanlon/Hanlon/web/application.rb:53:in `(root)'
	from /home/user/Hanlon/Hanlon/web/application.rb:51:in `(root)'
	from org/jruby/RubyBasicObject.java:1536:in `instance_eval'
	from /home/user/.rvm/rubies/jruby-1.7.11/lib/ruby/shared/rubygems/core_ext/kernel_require.rb:1:in `(root)'
	from /home/user/.rvm/rubies/jruby-1.7.11/lib/ruby/shared/rubygems/core_ext/kernel_require.rb:55:in `require'

	at org.jruby.rack.RackInitializationException.wrap(RackInitializationException.java:29)
	at org.jruby.rack.RackApplicationFactoryDecorator.init(RackApplicationFactoryDecorator.java:104)
	at org.jruby.rack.RackServletContextListener.contextInitialized(RackServletContextListener.java:50)
	at org.apache.catalina.core.StandardContext.listenerStart(StandardContext.java:4939)
	at org.apache.catalina.core.StandardContext.startInternal(StandardContext.java:5434)
	at org.apache.catalina.util.LifecycleBase.start(LifecycleBase.java:150)
	at org.apache.catalina.core.ContainerBase$StartChild.call(ContainerBase.java:1559)
	at org.apache.catalina.core.ContainerBase$StartChild.call(ContainerBase.java:1549)
	at java.util.concurrent.FutureTask.run(FutureTask.java:262)
	at java.util.concurrent.ThreadPoolExecutor.runWorker(ThreadPoolExecutor.java:1145)
	at java.util.concurrent.ThreadPoolExecutor$Worker.run(ThreadPoolExecutor.java:615)
	at java.lang.Thread.run(Thread.java:744)
Caused by: org.jruby.exceptions.RaiseException: (LoadError) no such file to load -- /home/user/Hanlon/Hanlon/core/http_helper
	at org.jruby.RubyKernel.require(org/jruby/RubyKernel.java:1085)
	at Kernel.require(/home/user/.rvm/rubies/jruby-1.7.11/lib/ruby/shared/rubygems/core_ext/kernel_require.rb:126)
	at Kernel.require(/home/user/.rvm/rubies/jruby-1.7.11/lib/ruby/shared/rubygems/core_ext/kernel_require.rb:124)
	at RUBY.(root)(/home/user/Hanlon/Hanlon/core/slice.rb:1)
	at org.jruby.RubyKernel.require(org/jruby/RubyKernel.java:1085)
	at Kernel.require(/home/user/.rvm/rubies/jruby-1.7.11/lib/ruby/shared/rubygems/core_ext/kernel_require.rb:126)
	at Kernel.require(/home/user/.rvm/rubies/jruby-1.7.11/lib/ruby/shared/rubygems/core_ext/kernel_require.rb:124)
	at RUBY.(root)(/home/user/Hanlon/Hanlon/web/api/api_tag_v1.rb:1)
	at org.jruby.RubyKernel.require(org/jruby/RubyKernel.java:1085)
	at Kernel.require(/home/user/.rvm/rubies/jruby-1.7.11/lib/ruby/shared/rubygems/core_ext/kernel_require.rb:126)
	at Kernel.require(/home/user/.rvm/rubies/jruby-1.7.11/lib/ruby/shared/rubygems/core_ext/kernel_require.rb:124)
	at RUBY.(root)(/home/user/Hanlon/Hanlon/web/api/api_tag_v1.rb:5)
	at org.jruby.RubyDir.glob(org/jruby/RubyDir.java:233)
	at RUBY.(root)(/home/user/Hanlon/Hanlon/web/application.rb:1)
	at org.jruby.RubyKernel.require(org/jruby/RubyKernel.java:1085)
	at RUBY.(root)(/home/user/Hanlon/Hanlon/web/application.rb:53)
	at RUBY.(root)(/home/user/Hanlon/Hanlon/web/application.rb:51)
	at org.jruby.RubyBasicObject.instance_eval(org/jruby/RubyBasicObject.java:1536)
	at RUBY.(root)(/home/user/.rvm/rubies/jruby-1.7.11/lib/ruby/shared/rubygems/core_ext/kernel_require.rb:1)
	at RUBY.require(/home/user/.rvm/rubies/jruby-1.7.11/lib/ruby/shared/rubygems/core_ext/kernel_require.rb:55)

2014-05-14 06:20:05 -0400 INFO: jruby 1.7.11 (1.9.3p392) 2014-03-17 86339bb on OpenJDK Client VM 1.7.0_51-b00 [linux-i386]
2014-05-14 06:20:05 -0400 INFO: using 1:5 runtime pool with acquire timeout of 5.0 seconds
2014-05-14 06:20:31 -0400 INFO: added application to pool, size now = 1
2014-05-14 06:44:08 -0400 INFO: jruby 1.7.11 (1.9.3p392) 2014-03-17 86339bb on OpenJDK Client VM 1.7.0_51-b00 [linux-i386]
2014-05-14 06:44:08 -0400 INFO: using 1:5 runtime pool with acquire timeout of 5.0 seconds
2014-05-14 06:44:26 -0400 INFO: added application to pool, size now = 1
2014-05-14 06:47:47 -0400 INFO: jruby 1.7.11 (1.9.3p392) 2014-03-17 86339bb on OpenJDK Client VM 1.7.0_51-b00 [linux-i386]
2014-05-14 06:47:47 -0400 INFO: using 1:5 runtime pool with acquire timeout of 5.0 seconds
2014-05-14 06:48:02 -0400 INFO: added application to pool, size now = 1
2014-05-14 07:26:09 -0400 INFO: jruby 1.7.11 (1.9.3p392) 2014-03-17 86339bb on OpenJDK Client VM 1.7.0_51-b00 [linux-i386]
2014-05-14 07:26:09 -0400 INFO: using 1:5 runtime pool with acquire timeout of 5.0 seconds
2014-05-14 07:26:32 -0400 INFO: added application to pool, size now = 1
