Deploying from /home/user/Hanlon/Hanlon/web as /hanlon/api
Initializing ProtocolHandler ["http-bio-192.168.109.5-8026"]
jruby 1.7.11 (1.9.3p392) 2014-03-17 86339bb on OpenJDK Client VM 1.7.0_51-b00 [linux-i386]
using 1:5 runtime pool with acquire timeout of 5.0 seconds
calling api
Initiatlizing hanlon::web services
>> Starting new thread to remove inactive nodes; cycle time => 30, timeout => 180
>> Starting new thread to print status of Hanlon-related jobs...
  >> At 2014-05-08 13:54:15 -0400; All jobs running => [every_1399571655.112_1018997063, every_1399571655.122_1782600338]
added application to pool, size now = 1
Starting ProtocolHandler ["http-bio-192.168.109.5-8026"]
the base uri>>> /hanlon/api
is this the path mk/7hP7P6jOsrs9I6vvQkVUYr
the base uri>>> /hanlon/api
is this the path mk/7hP7P6jOsrs9I6vvQkVUYr/boot/vmlinuz
the base uri>>> /hanlon/api
the base uri>>> /hanlon/api
is this the path mk/7hP7P6jOsrs9I6vvQkVUYr/boot/vmlinuz
the base uri>>> /hanlon/api
is this the path mk/7hP7P6jOsrs9I6vvQkVUYr/boot/core.gz
pool was empty - getting new application instance
calling api
Initiatlizing hanlon::web services
>> Starting new thread to remove inactive nodes; cycle time => 30, timeout => 180
>> Starting new thread to print status of Hanlon-related jobs...
  >> At 2014-05-08 13:57:15 -0400; All jobs running => [every_1399571835.005_2018296375, every_1399571835.007_1633638845]
the base uri>>> /hanlon/api
  >> At 2014-05-08 13:57:15 -0400; Hanlon-related jobs running => [every_1399571835.005_2018296375]
the base uri>>> /hanlon/api
the base uri>>> /hanlon/api
the base uri>>> /hanlon/api
hanlon:api:v1:config before do
the base uri>>> /hanlon/api
the base uri>>> /hanlon/api
the base uri>>> /hanlon/api
the base uri>>> /hanlon/api
the base uri>>> /hanlon/api
the base uri>>> /hanlon/api
the base uri>>> /hanlon/api
  >> At 2014-05-08 13:59:15 -0400; Hanlon-related jobs running => [every_1399571655.112_1018997063]
the base uri>>> /hanlon/api
the base uri>>> /hanlon/api
the base uri>>> /hanlon/api
the base uri>>> /hanlon/api
the base uri>>> /hanlon/api
the base uri>>> /hanlon/api
this must be the reason /home/user/Hanlon/Hanlon/web/tmp/5nmdoRgk6mquIzbiojikC1
the base uri>>> /hanlon/api
  >> At 2014-05-08 14:02:15 -0400; Hanlon-related jobs running => [every_1399571835.005_2018296375]
the base uri>>> /hanlon/api
this must be the reason /home/user/Hanlon/Hanlon/web/tmp/5nmdoRgk6mquIzbiojikC1
this must be the reason /home/user/Hanlon/Hanlon/web/tmp/5nmdoRgk6mquIzbiojikC1
this must be the reason /home/user/Hanlon/Hanlon/web/tmp/5nmdoRgk6mquIzbiojikC1
this must be the reason /home/user/Hanlon/Hanlon/web/tmp/5nmdoRgk6mquIzbiojikC1
this must be the reason /home/user/Hanlon/Hanlon/web/tmp/5nmdoRgk6mquIzbiojikC1
the base uri>>> /hanlon/api
this must be the reason /home/user/Hanlon/Hanlon/web/tmp/5nmdoRgk6mquIzbiojikC1
this must be the reason /home/user/Hanlon/Hanlon/web/tmp/5nmdoRgk6mquIzbiojikC1
this must be the reason /home/user/Hanlon/Hanlon/web/tmp/5nmdoRgk6mquIzbiojikC1
this must be the reason /home/user/Hanlon/Hanlon/web/tmp/5nmdoRgk6mquIzbiojikC1
6.5
the base uri>>> /hanlon/api
the base uri>>> /hanlon/api
this must be the reason /home/user/Hanlon/Hanlon/web/tmp/E0cJ22LM9OTDWq670gvL7
this must be the reason /home/user/Hanlon/Hanlon/web/tmp/E0cJ22LM9OTDWq670gvL7
this must be the reason /home/user/Hanlon/Hanlon/web/tmp/E0cJ22LM9OTDWq670gvL7
this must be the reason /home/user/Hanlon/Hanlon/web/tmp/E0cJ22LM9OTDWq670gvL7
this must be the reason /home/user/Hanlon/Hanlon/web/tmp/E0cJ22LM9OTDWq670gvL7
this must be the reason /home/user/Hanlon/Hanlon/web/tmp/E0cJ22LM9OTDWq670gvL7
the base uri>>> /hanlon/api
  >> At 2014-05-08 14:04:15 -0400; Hanlon-related jobs running => [every_1399571655.112_1018997063]
this must be the reason /home/user/Hanlon/Hanlon/web/tmp/E0cJ22LM9OTDWq670gvL7
this must be the reason /home/user/Hanlon/Hanlon/web/tmp/E0cJ22LM9OTDWq670gvL7
this must be the reason /home/user/Hanlon/Hanlon/web/tmp/E0cJ22LM9OTDWq670gvL7
this must be the reason /home/user/Hanlon/Hanlon/web/tmp/E0cJ22LM9OTDWq670gvL7
6.5
the base uri>>> /hanlon/api
the base uri>>> /hanlon/api
the base uri>>> /hanlon/api
the base uri>>> /hanlon/api
the base uri>>> /hanlon/api
the base uri>>> /hanlon/api
  >> At 2014-05-08 14:07:15 -0400; Hanlon-related jobs running => [every_1399571835.005_2018296375]
the base uri>>> /hanlon/api
the base uri>>> /hanlon/api
the base uri>>> /hanlon/api
the base uri>>> /hanlon/api
  >> At 2014-05-08 14:09:15 -0400; Hanlon-related jobs running => [every_1399571655.112_1018997063]
the base uri>>> /hanlon/api
the base uri>>> /hanlon/api
the base uri>>> /hanlon/api
the base uri>>> /hanlon/api
the base uri>>> /hanlon/api
the base uri>>> /hanlon/api
  >> At 2014-05-08 14:12:15 -0400; Hanlon-related jobs running => [every_1399571835.005_2018296375]
the base uri>>> /hanlon/api
the base uri>>> /hanlon/api
the base uri>>> /hanlon/api
the base uri>>> /hanlon/api
the base uri>>> /hanlon/api
the base uri>>> /hanlon/api
  >> At 2014-05-08 14:14:15 -0400; Hanlon-related jobs running => [every_1399571655.112_1018997063]
the base uri>>> /hanlon/api
the base uri>>> /hanlon/api
the base uri>>> /hanlon/api
the base uri>>> /hanlon/api
the base uri>>> /hanlon/api
the base uri>>> /hanlon/api
the base uri>>> /hanlon/api
the base uri>>> /hanlon/api
the base uri>>> /hanlon/api
the base uri>>> /hanlon/api
the base uri>>> /hanlon/api
the base uri>>> /hanlon/api
the base uri>>> /hanlon/api
the base uri>>> /hanlon/api
the base uri>>> /hanlon/api
the base uri>>> /hanlon/api
the base uri>>> /hanlon/api
the base uri>>> /hanlon/api
the base uri>>> /hanlon/api
the base uri>>> /hanlon/api
  >> At 2014-05-08 14:17:15 -0400; Hanlon-related jobs running => [every_1399571835.005_2018296375]
the base uri>>> /hanlon/api
the base uri>>> /hanlon/api
the base uri>>> /hanlon/api
the base uri>>> /hanlon/api
the base uri>>> /hanlon/api
the base uri>>> /hanlon/api
  >> At 2014-05-08 14:19:16 -0400; Hanlon-related jobs running => [every_1399571655.112_1018997063]
the base uri>>> /hanlon/api
the base uri>>> /hanlon/api
the base uri>>> /hanlon/api
the base uri>>> /hanlon/api
the base uri>>> /hanlon/api
the base uri>>> /hanlon/api
the base uri>>> /hanlon/api
the base uri>>> /hanlon/api
the base uri>>> /hanlon/api
the base uri>>> /hanlon/api
the base uri>>> /hanlon/api
  >> At 2014-05-08 14:22:15 -0400; Hanlon-related jobs running => [every_1399571835.005_2018296375]
the base uri>>> /hanlon/api
the base uri>>> /hanlon/api
the base uri>>> /hanlon/api
the base uri>>> /hanlon/api
the base uri>>> /hanlon/api
the base uri>>> /hanlon/api
the base uri>>> /hanlon/api
  >> At 2014-05-08 14:24:16 -0400; Hanlon-related jobs running => [every_1399571655.112_1018997063]
the base uri>>> /hanlon/api
the base uri>>> /hanlon/api
the base uri>>> /hanlon/api
the base uri>>> /hanlon/api
the base uri>>> /hanlon/api
the base uri>>> /hanlon/api
the base uri>>> /hanlon/api
the base uri>>> /hanlon/api
the base uri>>> /hanlon/api
the base uri>>> /hanlon/api
  >> At 2014-05-08 14:27:16 -0400; Hanlon-related jobs running => [every_1399571835.005_2018296375]
the base uri>>> /hanlon/api
the base uri>>> /hanlon/api
the base uri>>> /hanlon/api
the base uri>>> /hanlon/api
  >> At 2014-05-08 14:29:16 -0400; Hanlon-related jobs running => [every_1399571655.112_1018997063]
the base uri>>> /hanlon/api
the base uri>>> /hanlon/api
the base uri>>> /hanlon/api
the base uri>>> /hanlon/api
the base uri>>> /hanlon/api
the base uri>>> /hanlon/api
  >> At 2014-05-08 14:32:16 -0400; Hanlon-related jobs running => [every_1399571835.005_2018296375]
the base uri>>> /hanlon/api
the base uri>>> /hanlon/api
the base uri>>> /hanlon/api
the base uri>>> /hanlon/api
  >> At 2014-05-08 14:34:16 -0400; Hanlon-related jobs running => [every_1399571655.112_1018997063]
the base uri>>> /hanlon/api
the base uri>>> /hanlon/api
the base uri>>> /hanlon/api
the base uri>>> /hanlon/api
the base uri>>> /hanlon/api
the base uri>>> /hanlon/api
  >> At 2014-05-08 14:37:16 -0400; Hanlon-related jobs running => [every_1399571835.005_2018296375]
the base uri>>> /hanlon/api
the base uri>>> /hanlon/api
the base uri>>> /hanlon/api
the base uri>>> /hanlon/api
  >> At 2014-05-08 14:39:16 -0400; Hanlon-related jobs running => [every_1399571655.112_1018997063]
the base uri>>> /hanlon/api
the base uri>>> /hanlon/api
the base uri>>> /hanlon/api
the base uri>>> /hanlon/api
the base uri>>> /hanlon/api
the base uri>>> /hanlon/api
  >> At 2014-05-08 14:42:16 -0400; Hanlon-related jobs running => [every_1399571835.005_2018296375]
the base uri>>> /hanlon/api
the base uri>>> /hanlon/api
the base uri>>> /hanlon/api
the base uri>>> /hanlon/api
the base uri>>> /hanlon/api
the base uri>>> /hanlon/api
  >> At 2014-05-08 14:44:16 -0400; Hanlon-related jobs running => [every_1399571655.112_1018997063]
the base uri>>> /hanlon/api
the base uri>>> /hanlon/api
the base uri>>> /hanlon/api
the base uri>>> /hanlon/api
the base uri>>> /hanlon/api
the base uri>>> /hanlon/api
the base uri>>> /hanlon/api
the base uri>>> /hanlon/api
the base uri>>> /hanlon/api
the base uri>>> /hanlon/api
the base uri>>> /hanlon/api
  >> At 2014-05-08 14:47:16 -0400; Hanlon-related jobs running => [every_1399571835.005_2018296375]
the base uri>>> /hanlon/api
the base uri>>> /hanlon/api
is this the path os/E0cJ22LM9OTDWq670gvL7/isolinux/vmlinuz
the base uri>>> /hanlon/api
is this the path os/E0cJ22LM9OTDWq670gvL7/isolinux/initrd.img
the base uri>>> /hanlon/api
the base uri>>> /hanlon/api
the base uri>>> /hanlon/api
the base uri>>> /hanlon/api
is this the path os/E0cJ22LM9OTDWq670gvL7/images/updates.img
the base uri>>> /hanlon/api
is this the path os/E0cJ22LM9OTDWq670gvL7/images/product.img
the base uri>>> /hanlon/api
is this the path os/E0cJ22LM9OTDWq670gvL7/images/install.img
  >> At 2014-05-08 14:49:17 -0400; Hanlon-related jobs running => [every_1399571655.112_1018997063]
the base uri>>> /hanlon/api
  >> At 2014-05-08 14:52:16 -0400; Hanlon-related jobs running => [every_1399571835.005_2018296375]
